**** Debug log started: Sat Jan 03 14:03:57 ICT 2015 ****
% Storage System: v1 file storage mode.
% Internal Data Cache size:          4194304
% Internal Data Cache max cell size: 8192
% lookup_comparison_list = false
% read_only = false
% transaction_error_on_dirty_select = true
% ignore_case_for_identifiers = false
% Java NIO API is available.
% io_safety_level = 10
% Using stardard IO API for heap buffered file access.
% [Buffer Manager] Using IO API: Java IO
% [Buffer Manager] Page Size: 8192
% [Buffer Manager] Max pages: 256
% Using regex bridge: java.util.regexp
% No 'function_factories' config property found.
% statement_cache = true
% Max worker threads set to: 4
% Starting Database Server
**** Debug log started: Sat Jan 03 14:04:21 ICT 2015 ****
% Storage System: v1 file storage mode.
% Internal Data Cache size:          4194304
% Internal Data Cache max cell size: 8192
% lookup_comparison_list = false
% read_only = false
% transaction_error_on_dirty_select = true
% ignore_case_for_identifiers = false
% Java NIO API is available.
% io_safety_level = 10
% Using stardard IO API for heap buffered file access.
% [Buffer Manager] Using IO API: Java IO
% [Buffer Manager] Page Size: 8192
% [Buffer Manager] Max pages: 256
% Using regex bridge: java.util.regexp
% No 'function_factories' config property found.
% statement_cache = true
% Max worker threads set to: 4
% Starting Database Server
[ TIME: Sat Jan 03 14:25:48 ICT 2015 ]
% com.mckoi.database.sql.ParseException: Encountered "," at line 1, column 27.
Was expecting one of:
    "long" ...
    "bit" ...
    "int" ...
    "real" ...
    "blob" ...
    "date" ...
    "time" ...
    "float" ...
    "bigint" ...
    "double" ...
    "binary" ...
    "numeric" ...
    "decimal" ...
    "boolean" ...
    "tinyint" ...
    "integer" ...
    "smallint" ...
    "varbinary" ...
    "timestamp" ...
    "java_object" ...
    "longvarbinary" ...
    "character" ...
    "text" ...
    "string" ...
    "longvarchar" ...
    "char" ...
    "varchar" ...
    "clob" ...
    
	at com.mckoi.database.sql.SQL.generateParseException(SQL.java:6070)
	at com.mckoi.database.sql.SQL.jj_consume_token(SQL.java:5939)
	at com.mckoi.database.sql.SQL.GetTType(SQL.java:2854)
	at com.mckoi.database.sql.SQL.ColumnDataType(SQL.java:2865)
	at com.mckoi.database.sql.SQL.ColumnDefinition(SQL.java:2372)
	at com.mckoi.database.sql.SQL.ColumnOrConstraintDefinition(SQL.java:2346)
	at com.mckoi.database.sql.SQL.ColumnDeclarationList(SQL.java:2312)
	at com.mckoi.database.sql.SQL.CreateTable(SQL.java:455)
	at com.mckoi.database.sql.SQL.Create(SQL.java:238)
	at com.mckoi.database.sql.SQL.Statement(SQL.java:174)
	at com.mckoi.database.interpret.SQLQueryExecutor.execute(SQLQueryExecutor.java:94)
	at com.mckoi.database.jdbcserver.AbstractJDBCDatabaseInterface.execQuery(AbstractJDBCDatabaseInterface.java:461)
	at com.mckoi.database.jdbcserver.JDBCDatabaseInterface.execQuery(JDBCDatabaseInterface.java:251)
	at com.mckoi.database.jdbcserver.JDBCProcessor.queryCommand(JDBCProcessor.java:352)
	at com.mckoi.database.jdbcserver.JDBCProcessor.processQuery(JDBCProcessor.java:293)
	at com.mckoi.database.jdbcserver.JDBCProcessor.processJDBCCommand(JDBCProcessor.java:196)
	at com.mckoi.database.jdbcserver.StreamJDBCServerConnection.processRequest(StreamJDBCServerConnection.java:137)
	at com.mckoi.database.jdbcserver.MultiThreadedConnectionPoolServer$ClientThread$1.run(MultiThreadedConnectionPoolServer.java:171)
	at com.mckoi.database.WorkerThread.run(WorkerThread.java:123)
> com.mckoi.database.jdbcserver.JDBCDatabaseInterface ( lvl: 20 )
  Exception thrown during query processing on: [ Query:
[ select Produk from Supplier ]

]
[ TIME: Sat Jan 03 14:48:39 ICT 2015 ]
% com.mckoi.database.StatementException: Reference 'Produk' not found.
	at com.mckoi.database.interpret.TableExpressionFromSet.qualifyVariable(TableExpressionFromSet.java:470)
	at com.mckoi.database.interpret.TableExpressionFromSet$1.prepare(TableExpressionFromSet.java:487)
	at com.mckoi.database.Expression.prepare(Expression.java:368)
	at com.mckoi.database.interpret.Planner$QuerySelectColumnSet.prepareSelectColumn(Planner.java:1001)
	at com.mckoi.database.interpret.Planner$QuerySelectColumnSet.prepare(Planner.java:1060)
	at com.mckoi.database.interpret.Planner.formQueryPlan(Planner.java:319)
	at com.mckoi.database.interpret.Select.prepare(Select.java:123)
	at com.mckoi.database.interpret.SQLQueryExecutor.execute(SQLQueryExecutor.java:144)
	at com.mckoi.database.jdbcserver.AbstractJDBCDatabaseInterface.execQuery(AbstractJDBCDatabaseInterface.java:461)
	at com.mckoi.database.jdbcserver.JDBCDatabaseInterface.execQuery(JDBCDatabaseInterface.java:251)
	at com.mckoi.database.jdbcserver.JDBCProcessor.queryCommand(JDBCProcessor.java:352)
	at com.mckoi.database.jdbcserver.JDBCProcessor.processQuery(JDBCProcessor.java:293)
	at com.mckoi.database.jdbcserver.JDBCProcessor.processJDBCCommand(JDBCProcessor.java:196)
	at com.mckoi.database.jdbcserver.StreamJDBCServerConnection.processRequest(StreamJDBCServerConnection.java:137)
	at com.mckoi.database.jdbcserver.MultiThreadedConnectionPoolServer$ClientThread$1.run(MultiThreadedConnectionPoolServer.java:171)
	at com.mckoi.database.WorkerThread.run(WorkerThread.java:123)
[ TIME: Sat Jan 03 14:51:55 ICT 2015 ]
% com.mckoi.database.sql.ParseException: Encountered "datetime" at line 1, column 44.
Was expecting one of:
    "long" ...
    "bit" ...
    "int" ...
    "real" ...
    "blob" ...
    "date" ...
    "time" ...
    "float" ...
    "bigint" ...
    "double" ...
    "binary" ...
    "numeric" ...
    "decimal" ...
    "boolean" ...
    "tinyint" ...
    "integer" ...
    "smallint" ...
    "varbinary" ...
    "timestamp" ...
    "java_object" ...
    "longvarbinary" ...
    "character" ...
    "text" ...
    "string" ...
    "longvarchar" ...
    "char" ...
    "varchar" ...
    "clob" ...
    
	at com.mckoi.database.sql.SQL.generateParseException(SQL.java:6070)
	at com.mckoi.database.sql.SQL.jj_consume_token(SQL.java:5939)
	at com.mckoi.database.sql.SQL.GetTType(SQL.java:2854)
	at com.mckoi.database.sql.SQL.ColumnDataType(SQL.java:2865)
	at com.mckoi.database.sql.SQL.ColumnDefinition(SQL.java:2372)
	at com.mckoi.database.sql.SQL.ColumnOrConstraintDefinition(SQL.java:2346)
	at com.mckoi.database.sql.SQL.ColumnDeclarationList(SQL.java:2324)
	at com.mckoi.database.sql.SQL.CreateTable(SQL.java:455)
	at com.mckoi.database.sql.SQL.Create(SQL.java:238)
	at com.mckoi.database.sql.SQL.Statement(SQL.java:174)
	at com.mckoi.database.interpret.SQLQueryExecutor.execute(SQLQueryExecutor.java:94)
	at com.mckoi.database.jdbcserver.AbstractJDBCDatabaseInterface.execQuery(AbstractJDBCDatabaseInterface.java:461)
	at com.mckoi.database.jdbcserver.JDBCDatabaseInterface.execQuery(JDBCDatabaseInterface.java:251)
	at com.mckoi.database.jdbcserver.JDBCProcessor.queryCommand(JDBCProcessor.java:352)
	at com.mckoi.database.jdbcserver.JDBCProcessor.processQuery(JDBCProcessor.java:293)
	at com.mckoi.database.jdbcserver.JDBCProcessor.processJDBCCommand(JDBCProcessor.java:196)
	at com.mckoi.database.jdbcserver.StreamJDBCServerConnection.processRequest(StreamJDBCServerConnection.java:137)
	at com.mckoi.database.jdbcserver.MultiThreadedConnectionPoolServer$ClientThread$1.run(MultiThreadedConnectionPoolServer.java:171)
	at com.mckoi.database.WorkerThread.run(WorkerThread.java:123)
[ TIME: Sat Jan 03 14:58:39 ICT 2015 ]
% com.mckoi.database.sql.ParseException: Encountered "datetime" at line 1, column 45.
Was expecting one of:
    "long" ...
    "bit" ...
    "int" ...
    "real" ...
    "blob" ...
    "date" ...
    "time" ...
    "float" ...
    "bigint" ...
    "double" ...
    "binary" ...
    "numeric" ...
    "decimal" ...
    "boolean" ...
    "tinyint" ...
    "integer" ...
    "smallint" ...
    "varbinary" ...
    "timestamp" ...
    "java_object" ...
    "longvarbinary" ...
    "character" ...
    "text" ...
    "string" ...
    "longvarchar" ...
    "char" ...
    "varchar" ...
    "clob" ...
    
	at com.mckoi.database.sql.SQL.generateParseException(SQL.java:6070)
	at com.mckoi.database.sql.SQL.jj_consume_token(SQL.java:5939)
	at com.mckoi.database.sql.SQL.GetTType(SQL.java:2854)
	at com.mckoi.database.sql.SQL.ColumnDataType(SQL.java:2865)
	at com.mckoi.database.sql.SQL.ColumnDefinition(SQL.java:2372)
	at com.mckoi.database.sql.SQL.ColumnOrConstraintDefinition(SQL.java:2346)
	at com.mckoi.database.sql.SQL.ColumnDeclarationList(SQL.java:2324)
	at com.mckoi.database.sql.SQL.CreateTable(SQL.java:455)
	at com.mckoi.database.sql.SQL.Create(SQL.java:238)
	at com.mckoi.database.sql.SQL.Statement(SQL.java:174)
	at com.mckoi.database.interpret.SQLQueryExecutor.execute(SQLQueryExecutor.java:94)
	at com.mckoi.database.jdbcserver.AbstractJDBCDatabaseInterface.execQuery(AbstractJDBCDatabaseInterface.java:461)
	at com.mckoi.database.jdbcserver.JDBCDatabaseInterface.execQuery(JDBCDatabaseInterface.java:251)
	at com.mckoi.database.jdbcserver.JDBCProcessor.queryCommand(JDBCProcessor.java:352)
	at com.mckoi.database.jdbcserver.JDBCProcessor.processQuery(JDBCProcessor.java:293)
	at com.mckoi.database.jdbcserver.JDBCProcessor.processJDBCCommand(JDBCProcessor.java:196)
	at com.mckoi.database.jdbcserver.StreamJDBCServerConnection.processRequest(StreamJDBCServerConnection.java:137)
	at com.mckoi.database.jdbcserver.MultiThreadedConnectionPoolServer$ClientThread$1.run(MultiThreadedConnectionPoolServer.java:171)
	at com.mckoi.database.WorkerThread.run(WorkerThread.java:123)
[ TIME: Sat Jan 03 15:01:30 ICT 2015 ]
% com.mckoi.database.sql.ParseException: Encountered "User" at line 1, column 14.
Was expecting one of:
    "if" ...
    "old" ...
    "new" ...
    "name" ...
    "java" ...
    "action" ...
    "groups" ...
    "option" ...
    "account" ...
    "password" ...
    "language" ...
    "privileges" ...
    <QUOTED_VARIABLE> ...
    <IDENTIFIER> ...
    <DOT_DELIMINATED_REF> ...
    <QUOTED_DELIMINATED_REF> ...
    
	at com.mckoi.database.sql.SQL.generateParseException(SQL.java:6070)
	at com.mckoi.database.sql.SQL.jj_consume_token(SQL.java:5939)
	at com.mckoi.database.sql.SQL.TableName(SQL.java:4113)
	at com.mckoi.database.sql.SQL.CreateTable(SQL.java:454)
	at com.mckoi.database.sql.SQL.Create(SQL.java:238)
	at com.mckoi.database.sql.SQL.Statement(SQL.java:174)
	at com.mckoi.database.interpret.SQLQueryExecutor.execute(SQLQueryExecutor.java:94)
	at com.mckoi.database.jdbcserver.AbstractJDBCDatabaseInterface.execQuery(AbstractJDBCDatabaseInterface.java:461)
	at com.mckoi.database.jdbcserver.JDBCDatabaseInterface.execQuery(JDBCDatabaseInterface.java:251)
	at com.mckoi.database.jdbcserver.JDBCProcessor.queryCommand(JDBCProcessor.java:352)
	at com.mckoi.database.jdbcserver.JDBCProcessor.processQuery(JDBCProcessor.java:293)
	at com.mckoi.database.jdbcserver.JDBCProcessor.processJDBCCommand(JDBCProcessor.java:196)
	at com.mckoi.database.jdbcserver.StreamJDBCServerConnection.processRequest(StreamJDBCServerConnection.java:137)
	at com.mckoi.database.jdbcserver.MultiThreadedConnectionPoolServer$ClientThread$1.run(MultiThreadedConnectionPoolServer.java:171)
	at com.mckoi.database.WorkerThread.run(WorkerThread.java:123)
**** Debug log started: Sun Jan 04 00:10:21 ICT 2015 ****
% Storage System: v1 file storage mode.
% Internal Data Cache size:          4194304
% Internal Data Cache max cell size: 8192
% lookup_comparison_list = false
% read_only = false
% transaction_error_on_dirty_select = true
% ignore_case_for_identifiers = false
% Java NIO API is available.
% io_safety_level = 10
% Using stardard IO API for heap buffered file access.
% [Buffer Manager] Using IO API: Java IO
% [Buffer Manager] Page Size: 8192
% [Buffer Manager] Max pages: 256
% Using regex bridge: java.util.regexp
% No 'function_factories' config property found.
% statement_cache = true
% Max worker threads set to: 4
% Starting Database Server
> com.mckoi.database.V1FileStoreSystem ( lvl: 20 )
  File lock file exists: .\data\DefaultDatabase.lock
**** Debug log started: Sun Jan 04 11:08:44 ICT 2015 ****
% Storage System: v1 file storage mode.
% Internal Data Cache size:          4194304
% Internal Data Cache max cell size: 8192
% lookup_comparison_list = false
% read_only = false
% transaction_error_on_dirty_select = true
% ignore_case_for_identifiers = false
% Java NIO API is available.
% io_safety_level = 10
% Using stardard IO API for heap buffered file access.
% [Buffer Manager] Using IO API: Java IO
% [Buffer Manager] Page Size: 8192
% [Buffer Manager] Max pages: 256
% Using regex bridge: java.util.regexp
% No 'function_factories' config property found.
% statement_cache = true
% Max worker threads set to: 4
% Starting Database Server
> com.mckoi.database.V1FileStoreSystem ( lvl: 20 )
  File lock file exists: .\data\DefaultDatabase.lock
**** Debug log started: Sun Jan 04 18:13:13 ICT 2015 ****
% Storage System: v1 file storage mode.
% Internal Data Cache size:          4194304
% Internal Data Cache max cell size: 8192
% lookup_comparison_list = false
% read_only = false
% transaction_error_on_dirty_select = true
% ignore_case_for_identifiers = false
% Java NIO API is available.
% io_safety_level = 10
% Using stardard IO API for heap buffered file access.
% [Buffer Manager] Using IO API: Java IO
% [Buffer Manager] Page Size: 8192
% [Buffer Manager] Max pages: 256
% Using regex bridge: java.util.regexp
% No 'function_factories' config property found.
% statement_cache = true
% Max worker threads set to: 4
% Starting Database Server
> com.mckoi.database.V1FileStoreSystem ( lvl: 20 )
  File lock file exists: .\data\DefaultDatabase.lock
**** Debug log started: Sun Jan 04 19:00:00 ICT 2015 ****
% Storage System: v1 file storage mode.
% Internal Data Cache size:          4194304
% Internal Data Cache max cell size: 8192
% lookup_comparison_list = false
% read_only = false
% transaction_error_on_dirty_select = true
% ignore_case_for_identifiers = false
% Java NIO API is available.
% io_safety_level = 10
% Using stardard IO API for heap buffered file access.
% [Buffer Manager] Using IO API: Java IO
% [Buffer Manager] Page Size: 8192
% [Buffer Manager] Max pages: 256
% Using regex bridge: java.util.regexp
% No 'function_factories' config property found.
% statement_cache = true
% Max worker threads set to: 4
% Starting Database Server
> com.mckoi.database.V1FileStoreSystem ( lvl: 20 )
  File lock file exists: .\data\DefaultDatabase.lock
**** Debug log started: Sun Jan 04 20:08:24 ICT 2015 ****
% Storage System: v1 file storage mode.
% Internal Data Cache size:          4194304
% Internal Data Cache max cell size: 8192
% lookup_comparison_list = false
% read_only = false
% transaction_error_on_dirty_select = true
% ignore_case_for_identifiers = false
% Java NIO API is available.
% io_safety_level = 10
% Using stardard IO API for heap buffered file access.
% [Buffer Manager] Using IO API: Java IO
% [Buffer Manager] Page Size: 8192
% [Buffer Manager] Max pages: 256
% Using regex bridge: java.util.regexp
% No 'function_factories' config property found.
% statement_cache = true
% Max worker threads set to: 4
% Starting Database Server
> com.mckoi.database.V1FileStoreSystem ( lvl: 20 )
  File lock file exists: .\data\DefaultDatabase.lock
[ TIME: Sun Jan 04 20:20:26 ICT 2015 ]
% com.mckoi.database.sql.ParseException: Encountered "*" at line 1, column 8.
Was expecting:
    "from" ...
    
	at com.mckoi.database.sql.SQL.generateParseException(SQL.java:6070)
	at com.mckoi.database.sql.SQL.jj_consume_token(SQL.java:5939)
	at com.mckoi.database.sql.SQL.Delete(SQL.java:910)
	at com.mckoi.database.sql.SQL.Statement(SQL.java:180)
	at com.mckoi.database.interpret.SQLQueryExecutor.execute(SQLQueryExecutor.java:94)
	at com.mckoi.database.jdbcserver.AbstractJDBCDatabaseInterface.execQuery(AbstractJDBCDatabaseInterface.java:461)
	at com.mckoi.database.jdbcserver.JDBCDatabaseInterface.execQuery(JDBCDatabaseInterface.java:251)
	at com.mckoi.database.jdbcserver.JDBCProcessor.queryCommand(JDBCProcessor.java:352)
	at com.mckoi.database.jdbcserver.JDBCProcessor.processQuery(JDBCProcessor.java:293)
	at com.mckoi.database.jdbcserver.JDBCProcessor.processJDBCCommand(JDBCProcessor.java:196)
	at com.mckoi.database.jdbcserver.StreamJDBCServerConnection.processRequest(StreamJDBCServerConnection.java:137)
	at com.mckoi.database.jdbcserver.MultiThreadedConnectionPoolServer$ClientThread$1.run(MultiThreadedConnectionPoolServer.java:171)
	at com.mckoi.database.WorkerThread.run(WorkerThread.java:123)
**** Debug log started: Mon Jan 05 19:19:07 ICT 2015 ****
% Storage System: v1 file storage mode.
% Internal Data Cache size:          4194304
% Internal Data Cache max cell size: 8192
% lookup_comparison_list = false
% read_only = false
% transaction_error_on_dirty_select = true
% ignore_case_for_identifiers = false
% Java NIO API is available.
% io_safety_level = 10
% Using stardard IO API for heap buffered file access.
% [Buffer Manager] Using IO API: Java IO
% [Buffer Manager] Page Size: 8192
% [Buffer Manager] Max pages: 256
% Using regex bridge: java.util.regexp
% No 'function_factories' config property found.
% statement_cache = true
% Max worker threads set to: 4
% Starting Database Server
> com.mckoi.database.V1FileStoreSystem ( lvl: 20 )
  File lock file exists: .\data\DefaultDatabase.lock
[ TIME: Mon Jan 05 21:52:03 ICT 2015 ]
% com.mckoi.database.sql.ParseException: Encountered "adah" at line 1, column 52.
Was expecting one of:
    <EOF> 
    "union" ...
    "except" ...
    "group by" ...
    "order by" ...
    "intersect" ...
    ";" ...
    "=" ...
    "==" ...
    ">" ...
    "<" ...
    ">=" ...
    "<=" ...
    <NOTEQ> ...
    "is" ...
    "like" ...
    "not" ...
    "and" ...
    "or" ...
    "/" ...
    "+" ...
    "-" ...
    "*" ...
    "||" ...
    "regex" ...
    <REGEX_LITERAL> ...
    "in" ...
    "between" ...
    
	at com.mckoi.database.sql.SQL.generateParseException(SQL.java:6070)
	at com.mckoi.database.sql.SQL.jj_consume_token(SQL.java:5939)
	at com.mckoi.database.sql.SQL.Statement(SQL.java:224)
	at com.mckoi.database.interpret.SQLQueryExecutor.execute(SQLQueryExecutor.java:94)
	at com.mckoi.database.jdbcserver.AbstractJDBCDatabaseInterface.execQuery(AbstractJDBCDatabaseInterface.java:461)
	at com.mckoi.database.jdbcserver.JDBCDatabaseInterface.execQuery(JDBCDatabaseInterface.java:251)
	at com.mckoi.database.jdbcserver.JDBCProcessor.queryCommand(JDBCProcessor.java:352)
	at com.mckoi.database.jdbcserver.JDBCProcessor.processQuery(JDBCProcessor.java:293)
	at com.mckoi.database.jdbcserver.JDBCProcessor.processJDBCCommand(JDBCProcessor.java:196)
	at com.mckoi.database.jdbcserver.StreamJDBCServerConnection.processRequest(StreamJDBCServerConnection.java:137)
	at com.mckoi.database.jdbcserver.MultiThreadedConnectionPoolServer$ClientThread$1.run(MultiThreadedConnectionPoolServer.java:171)
	at com.mckoi.database.WorkerThread.run(WorkerThread.java:123)
[ TIME: Mon Jan 05 23:13:55 ICT 2015 ]
% com.mckoi.database.sql.ParseException: Encountered "adah" at line 1, column 52.
Was expecting one of:
    <EOF> 
    "union" ...
    "except" ...
    "group by" ...
    "order by" ...
    "intersect" ...
    ";" ...
    "=" ...
    "==" ...
    ">" ...
    "<" ...
    ">=" ...
    "<=" ...
    <NOTEQ> ...
    "is" ...
    "like" ...
    "not" ...
    "and" ...
    "or" ...
    "/" ...
    "+" ...
    "-" ...
    "*" ...
    "||" ...
    "regex" ...
    <REGEX_LITERAL> ...
    "in" ...
    "between" ...
    
	at com.mckoi.database.sql.SQL.generateParseException(SQL.java:6070)
	at com.mckoi.database.sql.SQL.jj_consume_token(SQL.java:5939)
	at com.mckoi.database.sql.SQL.Statement(SQL.java:224)
	at com.mckoi.database.interpret.SQLQueryExecutor.execute(SQLQueryExecutor.java:94)
	at com.mckoi.database.jdbcserver.AbstractJDBCDatabaseInterface.execQuery(AbstractJDBCDatabaseInterface.java:461)
	at com.mckoi.database.jdbcserver.JDBCDatabaseInterface.execQuery(JDBCDatabaseInterface.java:251)
	at com.mckoi.database.jdbcserver.JDBCProcessor.queryCommand(JDBCProcessor.java:352)
	at com.mckoi.database.jdbcserver.JDBCProcessor.processQuery(JDBCProcessor.java:293)
	at com.mckoi.database.jdbcserver.JDBCProcessor.processJDBCCommand(JDBCProcessor.java:196)
	at com.mckoi.database.jdbcserver.StreamJDBCServerConnection.processRequest(StreamJDBCServerConnection.java:137)
	at com.mckoi.database.jdbcserver.MultiThreadedConnectionPoolServer$ClientThread$1.run(MultiThreadedConnectionPoolServer.java:171)
	at com.mckoi.database.WorkerThread.run(WorkerThread.java:123)
[ TIME: Mon Jan 05 23:14:15 ICT 2015 ]
% com.mckoi.database.sql.ParseException: Encountered "arris" at line 1, column 45.
Was expecting one of:
    <EOF> 
    "union" ...
    "except" ...
    "group by" ...
    "order by" ...
    "intersect" ...
    ";" ...
    "=" ...
    "==" ...
    ">" ...
    "<" ...
    ">=" ...
    "<=" ...
    <NOTEQ> ...
    "is" ...
    "like" ...
    "not" ...
    "and" ...
    "or" ...
    "/" ...
    "+" ...
    "-" ...
    "*" ...
    "||" ...
    "regex" ...
    <REGEX_LITERAL> ...
    "in" ...
    "between" ...
    
	at com.mckoi.database.sql.SQL.generateParseException(SQL.java:6070)
	at com.mckoi.database.sql.SQL.jj_consume_token(SQL.java:5939)
	at com.mckoi.database.sql.SQL.Statement(SQL.java:224)
	at com.mckoi.database.interpret.SQLQueryExecutor.execute(SQLQueryExecutor.java:94)
	at com.mckoi.database.jdbcserver.AbstractJDBCDatabaseInterface.execQuery(AbstractJDBCDatabaseInterface.java:461)
	at com.mckoi.database.jdbcserver.JDBCDatabaseInterface.execQuery(JDBCDatabaseInterface.java:251)
	at com.mckoi.database.jdbcserver.JDBCProcessor.queryCommand(JDBCProcessor.java:352)
	at com.mckoi.database.jdbcserver.JDBCProcessor.processQuery(JDBCProcessor.java:293)
	at com.mckoi.database.jdbcserver.JDBCProcessor.processJDBCCommand(JDBCProcessor.java:196)
	at com.mckoi.database.jdbcserver.StreamJDBCServerConnection.processRequest(StreamJDBCServerConnection.java:137)
	at com.mckoi.database.jdbcserver.MultiThreadedConnectionPoolServer$ClientThread$1.run(MultiThreadedConnectionPoolServer.java:171)
	at com.mckoi.database.WorkerThread.run(WorkerThread.java:123)
[ TIME: Mon Jan 05 23:18:55 ICT 2015 ]
% com.mckoi.database.sql.ParseException: Encountered "adah" at line 1, column 52.
Was expecting one of:
    <EOF> 
    "union" ...
    "except" ...
    "group by" ...
    "order by" ...
    "intersect" ...
    ";" ...
    "=" ...
    "==" ...
    ">" ...
    "<" ...
    ">=" ...
    "<=" ...
    <NOTEQ> ...
    "is" ...
    "like" ...
    "not" ...
    "and" ...
    "or" ...
    "/" ...
    "+" ...
    "-" ...
    "*" ...
    "||" ...
    "regex" ...
    <REGEX_LITERAL> ...
    "in" ...
    "between" ...
    
	at com.mckoi.database.sql.SQL.generateParseException(SQL.java:6070)
	at com.mckoi.database.sql.SQL.jj_consume_token(SQL.java:5939)
	at com.mckoi.database.sql.SQL.Statement(SQL.java:224)
	at com.mckoi.database.interpret.SQLQueryExecutor.execute(SQLQueryExecutor.java:94)
	at com.mckoi.database.jdbcserver.AbstractJDBCDatabaseInterface.execQuery(AbstractJDBCDatabaseInterface.java:461)
	at com.mckoi.database.jdbcserver.JDBCDatabaseInterface.execQuery(JDBCDatabaseInterface.java:251)
	at com.mckoi.database.jdbcserver.JDBCProcessor.queryCommand(JDBCProcessor.java:352)
	at com.mckoi.database.jdbcserver.JDBCProcessor.processQuery(JDBCProcessor.java:293)
	at com.mckoi.database.jdbcserver.JDBCProcessor.processJDBCCommand(JDBCProcessor.java:196)
	at com.mckoi.database.jdbcserver.StreamJDBCServerConnection.processRequest(StreamJDBCServerConnection.java:137)
	at com.mckoi.database.jdbcserver.MultiThreadedConnectionPoolServer$ClientThread$1.run(MultiThreadedConnectionPoolServer.java:171)
	at com.mckoi.database.WorkerThread.run(WorkerThread.java:123)
[ TIME: Mon Jan 05 23:20:36 ICT 2015 ]
% com.mckoi.database.sql.ParseException: Encountered "adah" at line 1, column 52.
Was expecting one of:
    <EOF> 
    "union" ...
    "except" ...
    "group by" ...
    "order by" ...
    "intersect" ...
    ";" ...
    "=" ...
    "==" ...
    ">" ...
    "<" ...
    ">=" ...
    "<=" ...
    <NOTEQ> ...
    "is" ...
    "like" ...
    "not" ...
    "and" ...
    "or" ...
    "/" ...
    "+" ...
    "-" ...
    "*" ...
    "||" ...
    "regex" ...
    <REGEX_LITERAL> ...
    "in" ...
    "between" ...
    
	at com.mckoi.database.sql.SQL.generateParseException(SQL.java:6070)
	at com.mckoi.database.sql.SQL.jj_consume_token(SQL.java:5939)
	at com.mckoi.database.sql.SQL.Statement(SQL.java:224)
	at com.mckoi.database.interpret.SQLQueryExecutor.execute(SQLQueryExecutor.java:94)
	at com.mckoi.database.jdbcserver.AbstractJDBCDatabaseInterface.execQuery(AbstractJDBCDatabaseInterface.java:461)
	at com.mckoi.database.jdbcserver.JDBCDatabaseInterface.execQuery(JDBCDatabaseInterface.java:251)
	at com.mckoi.database.jdbcserver.JDBCProcessor.queryCommand(JDBCProcessor.java:352)
	at com.mckoi.database.jdbcserver.JDBCProcessor.processQuery(JDBCProcessor.java:293)
	at com.mckoi.database.jdbcserver.JDBCProcessor.processJDBCCommand(JDBCProcessor.java:196)
	at com.mckoi.database.jdbcserver.StreamJDBCServerConnection.processRequest(StreamJDBCServerConnection.java:137)
	at com.mckoi.database.jdbcserver.MultiThreadedConnectionPoolServer$ClientThread$1.run(MultiThreadedConnectionPoolServer.java:171)
	at com.mckoi.database.WorkerThread.run(WorkerThread.java:123)
[ TIME: Mon Jan 05 23:21:18 ICT 2015 ]
% com.mckoi.database.sql.ParseException: Encountered "adah" at line 1, column 52.
Was expecting one of:
    <EOF> 
    "union" ...
    "except" ...
    "group by" ...
    "order by" ...
    "intersect" ...
    ";" ...
    "=" ...
    "==" ...
    ">" ...
    "<" ...
    ">=" ...
    "<=" ...
    <NOTEQ> ...
    "is" ...
    "like" ...
    "not" ...
    "and" ...
    "or" ...
    "/" ...
    "+" ...
    "-" ...
    "*" ...
    "||" ...
    "regex" ...
    <REGEX_LITERAL> ...
    "in" ...
    "between" ...
    
	at com.mckoi.database.sql.SQL.generateParseException(SQL.java:6070)
	at com.mckoi.database.sql.SQL.jj_consume_token(SQL.java:5939)
	at com.mckoi.database.sql.SQL.Statement(SQL.java:224)
	at com.mckoi.database.interpret.SQLQueryExecutor.execute(SQLQueryExecutor.java:94)
	at com.mckoi.database.jdbcserver.AbstractJDBCDatabaseInterface.execQuery(AbstractJDBCDatabaseInterface.java:461)
	at com.mckoi.database.jdbcserver.JDBCDatabaseInterface.execQuery(JDBCDatabaseInterface.java:251)
	at com.mckoi.database.jdbcserver.JDBCProcessor.queryCommand(JDBCProcessor.java:352)
	at com.mckoi.database.jdbcserver.JDBCProcessor.processQuery(JDBCProcessor.java:293)
	at com.mckoi.database.jdbcserver.JDBCProcessor.processJDBCCommand(JDBCProcessor.java:196)
	at com.mckoi.database.jdbcserver.StreamJDBCServerConnection.processRequest(StreamJDBCServerConnection.java:137)
	at com.mckoi.database.jdbcserver.MultiThreadedConnectionPoolServer$ClientThread$1.run(MultiThreadedConnectionPoolServer.java:171)
	at com.mckoi.database.WorkerThread.run(WorkerThread.java:123)
[ TIME: Mon Jan 05 23:21:32 ICT 2015 ]
% com.mckoi.database.sql.ParseException: Encountered "adah" at line 1, column 52.
Was expecting one of:
    <EOF> 
    "union" ...
    "except" ...
    "group by" ...
    "order by" ...
    "intersect" ...
    ";" ...
    "=" ...
    "==" ...
    ">" ...
    "<" ...
    ">=" ...
    "<=" ...
    <NOTEQ> ...
    "is" ...
    "like" ...
    "not" ...
    "and" ...
    "or" ...
    "/" ...
    "+" ...
    "-" ...
    "*" ...
    "||" ...
    "regex" ...
    <REGEX_LITERAL> ...
    "in" ...
    "between" ...
    
	at com.mckoi.database.sql.SQL.generateParseException(SQL.java:6070)
	at com.mckoi.database.sql.SQL.jj_consume_token(SQL.java:5939)
	at com.mckoi.database.sql.SQL.Statement(SQL.java:224)
	at com.mckoi.database.interpret.SQLQueryExecutor.execute(SQLQueryExecutor.java:94)
	at com.mckoi.database.jdbcserver.AbstractJDBCDatabaseInterface.execQuery(AbstractJDBCDatabaseInterface.java:461)
	at com.mckoi.database.jdbcserver.JDBCDatabaseInterface.execQuery(JDBCDatabaseInterface.java:251)
	at com.mckoi.database.jdbcserver.JDBCProcessor.queryCommand(JDBCProcessor.java:352)
	at com.mckoi.database.jdbcserver.JDBCProcessor.processQuery(JDBCProcessor.java:293)
	at com.mckoi.database.jdbcserver.JDBCProcessor.processJDBCCommand(JDBCProcessor.java:196)
	at com.mckoi.database.jdbcserver.StreamJDBCServerConnection.processRequest(StreamJDBCServerConnection.java:137)
	at com.mckoi.database.jdbcserver.MultiThreadedConnectionPoolServer$ClientThread$1.run(MultiThreadedConnectionPoolServer.java:171)
	at com.mckoi.database.WorkerThread.run(WorkerThread.java:123)
[ TIME: Mon Jan 05 23:25:19 ICT 2015 ]
% com.mckoi.database.sql.ParseException: Encountered "arris" at line 1, column 45.
Was expecting one of:
    <EOF> 
    "union" ...
    "except" ...
    "group by" ...
    "order by" ...
    "intersect" ...
    ";" ...
    "=" ...
    "==" ...
    ">" ...
    "<" ...
    ">=" ...
    "<=" ...
    <NOTEQ> ...
    "is" ...
    "like" ...
    "not" ...
    "and" ...
    "or" ...
    "/" ...
    "+" ...
    "-" ...
    "*" ...
    "||" ...
    "regex" ...
    <REGEX_LITERAL> ...
    "in" ...
    "between" ...
    
	at com.mckoi.database.sql.SQL.generateParseException(SQL.java:6070)
	at com.mckoi.database.sql.SQL.jj_consume_token(SQL.java:5939)
	at com.mckoi.database.sql.SQL.Statement(SQL.java:224)
	at com.mckoi.database.interpret.SQLQueryExecutor.execute(SQLQueryExecutor.java:94)
	at com.mckoi.database.jdbcserver.AbstractJDBCDatabaseInterface.execQuery(AbstractJDBCDatabaseInterface.java:461)
	at com.mckoi.database.jdbcserver.JDBCDatabaseInterface.execQuery(JDBCDatabaseInterface.java:251)
	at com.mckoi.database.jdbcserver.JDBCProcessor.queryCommand(JDBCProcessor.java:352)
	at com.mckoi.database.jdbcserver.JDBCProcessor.processQuery(JDBCProcessor.java:293)
	at com.mckoi.database.jdbcserver.JDBCProcessor.processJDBCCommand(JDBCProcessor.java:196)
	at com.mckoi.database.jdbcserver.StreamJDBCServerConnection.processRequest(StreamJDBCServerConnection.java:137)
	at com.mckoi.database.jdbcserver.MultiThreadedConnectionPoolServer$ClientThread$1.run(MultiThreadedConnectionPoolServer.java:171)
	at com.mckoi.database.WorkerThread.run(WorkerThread.java:123)
[ TIME: Mon Jan 05 23:25:22 ICT 2015 ]
% com.mckoi.database.sql.ParseException: Encountered "adah" at line 1, column 52.
Was expecting one of:
    <EOF> 
    "union" ...
    "except" ...
    "group by" ...
    "order by" ...
    "intersect" ...
    ";" ...
    "=" ...
    "==" ...
    ">" ...
    "<" ...
    ">=" ...
    "<=" ...
    <NOTEQ> ...
    "is" ...
    "like" ...
    "not" ...
    "and" ...
    "or" ...
    "/" ...
    "+" ...
    "-" ...
    "*" ...
    "||" ...
    "regex" ...
    <REGEX_LITERAL> ...
    "in" ...
    "between" ...
    
	at com.mckoi.database.sql.SQL.generateParseException(SQL.java:6070)
	at com.mckoi.database.sql.SQL.jj_consume_token(SQL.java:5939)
	at com.mckoi.database.sql.SQL.Statement(SQL.java:224)
	at com.mckoi.database.interpret.SQLQueryExecutor.execute(SQLQueryExecutor.java:94)
	at com.mckoi.database.jdbcserver.AbstractJDBCDatabaseInterface.execQuery(AbstractJDBCDatabaseInterface.java:461)
	at com.mckoi.database.jdbcserver.JDBCDatabaseInterface.execQuery(JDBCDatabaseInterface.java:251)
	at com.mckoi.database.jdbcserver.JDBCProcessor.queryCommand(JDBCProcessor.java:352)
	at com.mckoi.database.jdbcserver.JDBCProcessor.processQuery(JDBCProcessor.java:293)
	at com.mckoi.database.jdbcserver.JDBCProcessor.processJDBCCommand(JDBCProcessor.java:196)
	at com.mckoi.database.jdbcserver.StreamJDBCServerConnection.processRequest(StreamJDBCServerConnection.java:137)
	at com.mckoi.database.jdbcserver.MultiThreadedConnectionPoolServer$ClientThread$1.run(MultiThreadedConnectionPoolServer.java:171)
	at com.mckoi.database.WorkerThread.run(WorkerThread.java:123)
[ TIME: Mon Jan 05 23:41:54 ICT 2015 ]
% com.mckoi.database.sql.ParseException: Encountered "adah" at line 1, column 51.
Was expecting one of:
    <EOF> 
    "union" ...
    "except" ...
    "group by" ...
    "order by" ...
    "intersect" ...
    ";" ...
    "=" ...
    "==" ...
    ">" ...
    "<" ...
    ">=" ...
    "<=" ...
    <NOTEQ> ...
    "is" ...
    "like" ...
    "not" ...
    "and" ...
    "or" ...
    "/" ...
    "+" ...
    "-" ...
    "*" ...
    "||" ...
    "regex" ...
    <REGEX_LITERAL> ...
    "in" ...
    "between" ...
    
	at com.mckoi.database.sql.SQL.generateParseException(SQL.java:6070)
	at com.mckoi.database.sql.SQL.jj_consume_token(SQL.java:5939)
	at com.mckoi.database.sql.SQL.Statement(SQL.java:224)
	at com.mckoi.database.interpret.SQLQueryExecutor.execute(SQLQueryExecutor.java:94)
	at com.mckoi.database.jdbcserver.AbstractJDBCDatabaseInterface.execQuery(AbstractJDBCDatabaseInterface.java:461)
	at com.mckoi.database.jdbcserver.JDBCDatabaseInterface.execQuery(JDBCDatabaseInterface.java:251)
	at com.mckoi.database.jdbcserver.JDBCProcessor.queryCommand(JDBCProcessor.java:352)
	at com.mckoi.database.jdbcserver.JDBCProcessor.processQuery(JDBCProcessor.java:293)
	at com.mckoi.database.jdbcserver.JDBCProcessor.processJDBCCommand(JDBCProcessor.java:196)
	at com.mckoi.database.jdbcserver.StreamJDBCServerConnection.processRequest(StreamJDBCServerConnection.java:137)
	at com.mckoi.database.jdbcserver.MultiThreadedConnectionPoolServer$ClientThread$1.run(MultiThreadedConnectionPoolServer.java:171)
	at com.mckoi.database.WorkerThread.run(WorkerThread.java:123)
> com.mckoi.database.jdbcserver.JDBCDatabaseInterface ( lvl: 20 )
  Exception thrown during query processing on: [ Query:
[ insert into Transaksi values('TRX001',getDate(),'ABC001') ]

]
[ TIME: Tue Jan 06 01:19:10 ICT 2015 ]
% com.mckoi.database.StatementException: Function 'getDate' doesn't exist.
	at com.mckoi.database.FunctionDef.getFunction(FunctionDef.java:120)
	at com.mckoi.database.Expression.elementToObject(Expression.java:743)
	at com.mckoi.database.Expression.evaluate(Expression.java:683)
	at com.mckoi.database.RowData.setupEntire(RowData.java:295)
	at com.mckoi.database.interpret.Insert.evaluate(Insert.java:260)
	at com.mckoi.database.interpret.SQLQueryExecutor.execute(SQLQueryExecutor.java:147)
	at com.mckoi.database.jdbcserver.AbstractJDBCDatabaseInterface.execQuery(AbstractJDBCDatabaseInterface.java:461)
	at com.mckoi.database.jdbcserver.JDBCDatabaseInterface.execQuery(JDBCDatabaseInterface.java:251)
	at com.mckoi.database.jdbcserver.JDBCProcessor.queryCommand(JDBCProcessor.java:352)
	at com.mckoi.database.jdbcserver.JDBCProcessor.processQuery(JDBCProcessor.java:293)
	at com.mckoi.database.jdbcserver.JDBCProcessor.processJDBCCommand(JDBCProcessor.java:196)
	at com.mckoi.database.jdbcserver.StreamJDBCServerConnection.processRequest(StreamJDBCServerConnection.java:137)
	at com.mckoi.database.jdbcserver.MultiThreadedConnectionPoolServer$ClientThread$1.run(MultiThreadedConnectionPoolServer.java:171)
	at com.mckoi.database.WorkerThread.run(WorkerThread.java:123)
[ TIME: Tue Jan 06 01:24:33 ICT 2015 ]
% com.mckoi.database.sql.ParseException: Encountered "(" at line 1, column 12.
Was expecting:
    <STRING_LITERAL> ...
    
	at com.mckoi.database.sql.SQL.generateParseException(SQL.java:6070)
	at com.mckoi.database.sql.SQL.jj_consume_token(SQL.java:5939)
	at com.mckoi.database.sql.SQL.Operand(SQL.java:3386)
	at com.mckoi.database.sql.SQL.expression(SQL.java:3207)
	at com.mckoi.database.sql.SQL.DoExpression(SQL.java:3185)
	at com.mckoi.database.sql.SQL.SelectColumn(SQL.java:1826)
	at com.mckoi.database.sql.SQL.SelectColumnList(SQL.java:1769)
	at com.mckoi.database.sql.SQL.GetTableSelectExpression(SQL.java:1397)
	at com.mckoi.database.sql.SQL.Select(SQL.java:315)
	at com.mckoi.database.sql.SQL.Statement(SQL.java:162)
	at com.mckoi.database.interpret.SQLQueryExecutor.execute(SQLQueryExecutor.java:94)
	at com.mckoi.database.jdbcserver.AbstractJDBCDatabaseInterface.execQuery(AbstractJDBCDatabaseInterface.java:461)
	at com.mckoi.database.jdbcserver.JDBCDatabaseInterface.execQuery(JDBCDatabaseInterface.java:251)
	at com.mckoi.database.jdbcserver.JDBCProcessor.queryCommand(JDBCProcessor.java:352)
	at com.mckoi.database.jdbcserver.JDBCProcessor.processQuery(JDBCProcessor.java:293)
	at com.mckoi.database.jdbcserver.JDBCProcessor.processJDBCCommand(JDBCProcessor.java:196)
	at com.mckoi.database.jdbcserver.StreamJDBCServerConnection.processRequest(StreamJDBCServerConnection.java:137)
	at com.mckoi.database.jdbcserver.MultiThreadedConnectionPoolServer$ClientThread$1.run(MultiThreadedConnectionPoolServer.java:171)
	at com.mckoi.database.WorkerThread.run(WorkerThread.java:123)
[ TIME: Tue Jan 06 01:39:37 ICT 2015 ]
% com.mckoi.database.sql.ParseException: Encountered "adah" at line 1, column 54.
Was expecting one of:
    ")" ...
    "," ...
    "=" ...
    "==" ...
    ">" ...
    "<" ...
    ">=" ...
    "<=" ...
    <NOTEQ> ...
    "is" ...
    "like" ...
    "not" ...
    "and" ...
    "or" ...
    "/" ...
    "+" ...
    "-" ...
    "*" ...
    "||" ...
    "regex" ...
    <REGEX_LITERAL> ...
    "in" ...
    "between" ...
    
	at com.mckoi.database.sql.SQL.generateParseException(SQL.java:6070)
	at com.mckoi.database.sql.SQL.jj_consume_token(SQL.java:5939)
	at com.mckoi.database.sql.SQL.InsertDataList(SQL.java:1728)
	at com.mckoi.database.sql.SQL.Insert(SQL.java:972)
	at com.mckoi.database.sql.SQL.Statement(SQL.java:183)
	at com.mckoi.database.interpret.SQLQueryExecutor.execute(SQLQueryExecutor.java:94)
	at com.mckoi.database.jdbcserver.AbstractJDBCDatabaseInterface.execQuery(AbstractJDBCDatabaseInterface.java:461)
	at com.mckoi.database.jdbcserver.JDBCDatabaseInterface.execQuery(JDBCDatabaseInterface.java:251)
	at com.mckoi.database.jdbcserver.JDBCProcessor.queryCommand(JDBCProcessor.java:352)
	at com.mckoi.database.jdbcserver.JDBCProcessor.processQuery(JDBCProcessor.java:293)
	at com.mckoi.database.jdbcserver.JDBCProcessor.processJDBCCommand(JDBCProcessor.java:196)
	at com.mckoi.database.jdbcserver.StreamJDBCServerConnection.processRequest(StreamJDBCServerConnection.java:137)
	at com.mckoi.database.jdbcserver.MultiThreadedConnectionPoolServer$ClientThread$1.run(MultiThreadedConnectionPoolServer.java:171)
	at com.mckoi.database.WorkerThread.run(WorkerThread.java:123)
[ TIME: Tue Jan 06 01:43:06 ICT 2015 ]
% com.mckoi.database.sql.ParseException: Encountered "adah" at line 1, column 54.
Was expecting one of:
    ")" ...
    "," ...
    "=" ...
    "==" ...
    ">" ...
    "<" ...
    ">=" ...
    "<=" ...
    <NOTEQ> ...
    "is" ...
    "like" ...
    "not" ...
    "and" ...
    "or" ...
    "/" ...
    "+" ...
    "-" ...
    "*" ...
    "||" ...
    "regex" ...
    <REGEX_LITERAL> ...
    "in" ...
    "between" ...
    
	at com.mckoi.database.sql.SQL.generateParseException(SQL.java:6070)
	at com.mckoi.database.sql.SQL.jj_consume_token(SQL.java:5939)
	at com.mckoi.database.sql.SQL.InsertDataList(SQL.java:1728)
	at com.mckoi.database.sql.SQL.Insert(SQL.java:972)
	at com.mckoi.database.sql.SQL.Statement(SQL.java:183)
	at com.mckoi.database.interpret.SQLQueryExecutor.execute(SQLQueryExecutor.java:94)
	at com.mckoi.database.jdbcserver.AbstractJDBCDatabaseInterface.execQuery(AbstractJDBCDatabaseInterface.java:461)
	at com.mckoi.database.jdbcserver.JDBCDatabaseInterface.execQuery(JDBCDatabaseInterface.java:251)
	at com.mckoi.database.jdbcserver.JDBCProcessor.queryCommand(JDBCProcessor.java:352)
	at com.mckoi.database.jdbcserver.JDBCProcessor.processQuery(JDBCProcessor.java:293)
	at com.mckoi.database.jdbcserver.JDBCProcessor.processJDBCCommand(JDBCProcessor.java:196)
	at com.mckoi.database.jdbcserver.StreamJDBCServerConnection.processRequest(StreamJDBCServerConnection.java:137)
	at com.mckoi.database.jdbcserver.MultiThreadedConnectionPoolServer$ClientThread$1.run(MultiThreadedConnectionPoolServer.java:171)
	at com.mckoi.database.WorkerThread.run(WorkerThread.java:123)
**** Debug log started: Tue Jan 06 10:40:34 ICT 2015 ****
% Storage System: v1 file storage mode.
% Internal Data Cache size:          4194304
% Internal Data Cache max cell size: 8192
% lookup_comparison_list = false
% read_only = false
% transaction_error_on_dirty_select = true
% ignore_case_for_identifiers = false
% Java NIO API is available.
% io_safety_level = 10
% Using stardard IO API for heap buffered file access.
% [Buffer Manager] Using IO API: Java IO
% [Buffer Manager] Page Size: 8192
% [Buffer Manager] Max pages: 256
% Using regex bridge: java.util.regexp
% No 'function_factories' config property found.
% statement_cache = true
% Max worker threads set to: 4
% Starting Database Server
> com.mckoi.database.V1FileStoreSystem ( lvl: 20 )
  File lock file exists: .\data\DefaultDatabase.lock
% Dropped: 022APP_Produk
> com.mckoi.database.jdbcserver.JDBCDatabaseInterface ( lvl: 20 )
  Exception thrown during query processing on: [ Query:
[ select IDP,IDS,NamaP,Stok from Produk join StokProduk on Produk.IDP=StokProduk.IDP order by NamaP ]

]
[ TIME: Tue Jan 06 11:17:17 ICT 2015 ]
% com.mckoi.database.StatementException: Ambiguous reference 'IDP'
	at com.mckoi.database.interpret.TableExpressionFromSet.resolveTableColumnReference(TableExpressionFromSet.java:336)
	at com.mckoi.database.interpret.TableExpressionFromSet.resolveReference(TableExpressionFromSet.java:378)
	at com.mckoi.database.interpret.Planner.generateFromSet(Planner.java:245)
	at com.mckoi.database.interpret.Select.prepare(Select.java:119)
	at com.mckoi.database.interpret.SQLQueryExecutor.execute(SQLQueryExecutor.java:144)
	at com.mckoi.database.jdbcserver.AbstractJDBCDatabaseInterface.execQuery(AbstractJDBCDatabaseInterface.java:461)
	at com.mckoi.database.jdbcserver.JDBCDatabaseInterface.execQuery(JDBCDatabaseInterface.java:251)
	at com.mckoi.database.jdbcserver.JDBCProcessor.queryCommand(JDBCProcessor.java:352)
	at com.mckoi.database.jdbcserver.JDBCProcessor.processQuery(JDBCProcessor.java:293)
	at com.mckoi.database.jdbcserver.JDBCProcessor.processJDBCCommand(JDBCProcessor.java:196)
	at com.mckoi.database.jdbcserver.StreamJDBCServerConnection.processRequest(StreamJDBCServerConnection.java:137)
	at com.mckoi.database.jdbcserver.MultiThreadedConnectionPoolServer$ClientThread$1.run(MultiThreadedConnectionPoolServer.java:171)
	at com.mckoi.database.WorkerThread.run(WorkerThread.java:123)
[ TIME: Tue Jan 06 11:44:05 ICT 2015 ]
% com.mckoi.database.sql.ParseException: Encountered "<EOF>" at line 1, column 36.
Was expecting one of:
    "as" ...
    "on" ...
    "old" ...
    "new" ...
    "name" ...
    "java" ...
    "action" ...
    "groups" ...
    "option" ...
    "account" ...
    "password" ...
    "language" ...
    "privileges" ...
    <QUOTED_VARIABLE> ...
    <IDENTIFIER> ...
    <DOT_DELIMINATED_REF> ...
    <QUOTED_DELIMINATED_REF> ...
    
	at com.mckoi.database.sql.SQL.generateParseException(SQL.java:6070)
	at com.mckoi.database.sql.SQL.jj_consume_token(SQL.java:5939)
	at com.mckoi.database.sql.SQL.FromClauseJoin(SQL.java:2100)
	at com.mckoi.database.sql.SQL.SelectTableList(SQL.java:2050)
	at com.mckoi.database.sql.SQL.GetTableSelectExpression(SQL.java:1401)
	at com.mckoi.database.sql.SQL.Select(SQL.java:315)
	at com.mckoi.database.sql.SQL.Statement(SQL.java:162)
	at com.mckoi.database.interpret.SQLQueryExecutor.execute(SQLQueryExecutor.java:94)
	at com.mckoi.database.jdbcserver.AbstractJDBCDatabaseInterface.execQuery(AbstractJDBCDatabaseInterface.java:461)
	at com.mckoi.database.jdbcserver.JDBCDatabaseInterface.execQuery(JDBCDatabaseInterface.java:251)
	at com.mckoi.database.jdbcserver.JDBCProcessor.queryCommand(JDBCProcessor.java:352)
	at com.mckoi.database.jdbcserver.JDBCProcessor.processQuery(JDBCProcessor.java:293)
	at com.mckoi.database.jdbcserver.JDBCProcessor.processJDBCCommand(JDBCProcessor.java:196)
	at com.mckoi.database.jdbcserver.StreamJDBCServerConnection.processRequest(StreamJDBCServerConnection.java:137)
	at com.mckoi.database.jdbcserver.MultiThreadedConnectionPoolServer$ClientThread$1.run(MultiThreadedConnectionPoolServer.java:171)
	at com.mckoi.database.WorkerThread.run(WorkerThread.java:123)
> com.mckoi.database.jdbcserver.JDBCDatabaseInterface ( lvl: 20 )
  Exception thrown during query processing on: [ Query:
[ select * from Produk join StokProduk on Produk.IDP=StokPRoduk.IDP ]

]
[ TIME: Tue Jan 06 11:44:23 ICT 2015 ]
% com.mckoi.database.StatementException: Reference 'StokPRoduk.IDP' not found.
	at com.mckoi.database.interpret.TableExpressionFromSet.qualifyVariable(TableExpressionFromSet.java:470)
	at com.mckoi.database.interpret.TableExpressionFromSet$1.prepare(TableExpressionFromSet.java:487)
	at com.mckoi.database.Expression.prepare(Expression.java:368)
	at com.mckoi.database.interpret.SearchExpression.prepare(SearchExpression.java:102)
	at com.mckoi.database.interpret.Planner.prepareSearchExpression(Planner.java:96)
	at com.mckoi.database.interpret.Planner.formQueryPlan(Planner.java:452)
	at com.mckoi.database.interpret.Select.prepare(Select.java:123)
	at com.mckoi.database.interpret.SQLQueryExecutor.execute(SQLQueryExecutor.java:144)
	at com.mckoi.database.jdbcserver.AbstractJDBCDatabaseInterface.execQuery(AbstractJDBCDatabaseInterface.java:461)
	at com.mckoi.database.jdbcserver.JDBCDatabaseInterface.execQuery(JDBCDatabaseInterface.java:251)
	at com.mckoi.database.jdbcserver.JDBCProcessor.queryCommand(JDBCProcessor.java:352)
	at com.mckoi.database.jdbcserver.JDBCProcessor.processQuery(JDBCProcessor.java:293)
	at com.mckoi.database.jdbcserver.JDBCProcessor.processJDBCCommand(JDBCProcessor.java:196)
	at com.mckoi.database.jdbcserver.StreamJDBCServerConnection.processRequest(StreamJDBCServerConnection.java:137)
	at com.mckoi.database.jdbcserver.MultiThreadedConnectionPoolServer$ClientThread$1.run(MultiThreadedConnectionPoolServer.java:171)
	at com.mckoi.database.WorkerThread.run(WorkerThread.java:123)
> com.mckoi.database.jdbcserver.JDBCDatabaseInterface ( lvl: 20 )
  Exception thrown during query processing on: [ Query:
[ select IDP,IDS,NamaP,Stok from Produk join StokProduk on Produk.IDP=StokProduk.IDP order by Produk.IDP ]

]
[ TIME: Tue Jan 06 11:45:18 ICT 2015 ]
% com.mckoi.database.StatementException: Ambiguous reference 'IDP'
	at com.mckoi.database.interpret.TableExpressionFromSet.resolveTableColumnReference(TableExpressionFromSet.java:336)
	at com.mckoi.database.interpret.TableExpressionFromSet.resolveReference(TableExpressionFromSet.java:378)
	at com.mckoi.database.interpret.Planner.generateFromSet(Planner.java:245)
	at com.mckoi.database.interpret.Select.prepare(Select.java:119)
	at com.mckoi.database.interpret.SQLQueryExecutor.execute(SQLQueryExecutor.java:144)
	at com.mckoi.database.jdbcserver.AbstractJDBCDatabaseInterface.execQuery(AbstractJDBCDatabaseInterface.java:461)
	at com.mckoi.database.jdbcserver.JDBCDatabaseInterface.execQuery(JDBCDatabaseInterface.java:251)
	at com.mckoi.database.jdbcserver.JDBCProcessor.queryCommand(JDBCProcessor.java:352)
	at com.mckoi.database.jdbcserver.JDBCProcessor.processQuery(JDBCProcessor.java:293)
	at com.mckoi.database.jdbcserver.JDBCProcessor.processJDBCCommand(JDBCProcessor.java:196)
	at com.mckoi.database.jdbcserver.StreamJDBCServerConnection.processRequest(StreamJDBCServerConnection.java:137)
	at com.mckoi.database.jdbcserver.MultiThreadedConnectionPoolServer$ClientThread$1.run(MultiThreadedConnectionPoolServer.java:171)
	at com.mckoi.database.WorkerThread.run(WorkerThread.java:123)
> com.mckoi.database.interpret.Select ( lvl: 20 )
  Query Plan debug:
SUBSET: year(Tgl)->FUNCTIONTABLE.1, 
  FUNCTIONS: ([ Expression [year(Tgl)]: year(Tgl) ], )
    FETCH: APP.Transaksi AS null

> com.mckoi.database.jdbcserver.JDBCDatabaseInterface ( lvl: 20 )
  Exception thrown during query processing on: [ Query:
[ select year(Tgl) from Transaksi ]

]
[ TIME: Tue Jan 06 12:39:12 ICT 2015 ]
% com.mckoi.database.StatementException: Function 'year' doesn't exist.
	at com.mckoi.database.FunctionDef.getFunction(FunctionDef.java:120)
	at com.mckoi.database.Expression.returnTType(Expression.java:791)
	at com.mckoi.database.FunctionTable.<init>(FunctionTable.java:192)
	at com.mckoi.database.QueryPlan$CreateFunctionsNode.evaluate(QueryPlan.java:1323)
	at com.mckoi.database.QueryPlan$SubsetNode.evaluate(QueryPlan.java:946)
	at com.mckoi.database.interpret.Select.evaluate(Select.java:141)
	at com.mckoi.database.interpret.SQLQueryExecutor.execute(SQLQueryExecutor.java:147)
	at com.mckoi.database.jdbcserver.AbstractJDBCDatabaseInterface.execQuery(AbstractJDBCDatabaseInterface.java:461)
	at com.mckoi.database.jdbcserver.JDBCDatabaseInterface.execQuery(JDBCDatabaseInterface.java:251)
	at com.mckoi.database.jdbcserver.JDBCProcessor.queryCommand(JDBCProcessor.java:352)
	at com.mckoi.database.jdbcserver.JDBCProcessor.processQuery(JDBCProcessor.java:293)
	at com.mckoi.database.jdbcserver.JDBCProcessor.processJDBCCommand(JDBCProcessor.java:196)
	at com.mckoi.database.jdbcserver.StreamJDBCServerConnection.processRequest(StreamJDBCServerConnection.java:137)
	at com.mckoi.database.jdbcserver.MultiThreadedConnectionPoolServer$ClientThread$1.run(MultiThreadedConnectionPoolServer.java:171)
	at com.mckoi.database.WorkerThread.run(WorkerThread.java:123)
[ TIME: Tue Jan 06 13:27:46 ICT 2015 ]
% com.mckoi.database.sql.ParseException: Encountered "from" at line 1, column 8.
Was expecting one of:
    "old" ...
    "new" ...
    "name" ...
    "java" ...
    "action" ...
    "groups" ...
    "option" ...
    "account" ...
    "password" ...
    "language" ...
    "privileges" ...
    <QUOTED_VARIABLE> ...
    <IDENTIFIER> ...
    <DOT_DELIMINATED_REF> ...
    <QUOTED_DELIMINATED_REF> ...
    
	at com.mckoi.database.sql.SQL.generateParseException(SQL.java:6070)
	at com.mckoi.database.sql.SQL.jj_consume_token(SQL.java:5939)
	at com.mckoi.database.sql.SQL.TableName(SQL.java:4113)
	at com.mckoi.database.sql.SQL.Update(SQL.java:338)
	at com.mckoi.database.sql.SQL.Statement(SQL.java:165)
	at com.mckoi.database.interpret.SQLQueryExecutor.execute(SQLQueryExecutor.java:94)
	at com.mckoi.database.jdbcserver.AbstractJDBCDatabaseInterface.execQuery(AbstractJDBCDatabaseInterface.java:461)
	at com.mckoi.database.jdbcserver.JDBCDatabaseInterface.execQuery(JDBCDatabaseInterface.java:251)
	at com.mckoi.database.jdbcserver.JDBCProcessor.queryCommand(JDBCProcessor.java:352)
	at com.mckoi.database.jdbcserver.JDBCProcessor.processQuery(JDBCProcessor.java:293)
	at com.mckoi.database.jdbcserver.JDBCProcessor.processJDBCCommand(JDBCProcessor.java:196)
	at com.mckoi.database.jdbcserver.StreamJDBCServerConnection.processRequest(StreamJDBCServerConnection.java:137)
	at com.mckoi.database.jdbcserver.MultiThreadedConnectionPoolServer$ClientThread$1.run(MultiThreadedConnectionPoolServer.java:171)
	at com.mckoi.database.WorkerThread.run(WorkerThread.java:123)
> com.mckoi.database.jdbcserver.JDBCDatabaseInterface ( lvl: 20 )
  Exception thrown during query processing on: [ Query:
[ insert into Users values('ABC003','Pradana',1) ]

]
[ TIME: Tue Jan 06 13:32:55 ICT 2015 ]
% com.mckoi.database.DatabaseException: Number of columns to insert is different from columns selected to insert to.
	at com.mckoi.database.interpret.Insert.prepare(Insert.java:168)
	at com.mckoi.database.interpret.SQLQueryExecutor.execute(SQLQueryExecutor.java:144)
	at com.mckoi.database.jdbcserver.AbstractJDBCDatabaseInterface.execQuery(AbstractJDBCDatabaseInterface.java:461)
	at com.mckoi.database.jdbcserver.JDBCDatabaseInterface.execQuery(JDBCDatabaseInterface.java:251)
	at com.mckoi.database.jdbcserver.JDBCProcessor.queryCommand(JDBCProcessor.java:352)
	at com.mckoi.database.jdbcserver.JDBCProcessor.processQuery(JDBCProcessor.java:293)
	at com.mckoi.database.jdbcserver.JDBCProcessor.processJDBCCommand(JDBCProcessor.java:196)
	at com.mckoi.database.jdbcserver.StreamJDBCServerConnection.processRequest(StreamJDBCServerConnection.java:137)
	at com.mckoi.database.jdbcserver.MultiThreadedConnectionPoolServer$ClientThread$1.run(MultiThreadedConnectionPoolServer.java:171)
	at com.mckoi.database.WorkerThread.run(WorkerThread.java:123)
> com.mckoi.database.jdbcserver.JDBCDatabaseInterface ( lvl: 20 )
  Exception thrown during query processing on: [ Query:
[ select * from Ssers ]

]
[ TIME: Tue Jan 06 14:29:17 ICT 2015 ]
% com.mckoi.database.StatementException: Table 'APP.Ssers' was not found.
	at com.mckoi.database.interpret.Planner.generateFromSet(Planner.java:186)
	at com.mckoi.database.interpret.Select.prepare(Select.java:119)
	at com.mckoi.database.interpret.SQLQueryExecutor.execute(SQLQueryExecutor.java:144)
	at com.mckoi.database.jdbcserver.AbstractJDBCDatabaseInterface.execQuery(AbstractJDBCDatabaseInterface.java:461)
	at com.mckoi.database.jdbcserver.JDBCDatabaseInterface.execQuery(JDBCDatabaseInterface.java:251)
	at com.mckoi.database.jdbcserver.JDBCProcessor.queryCommand(JDBCProcessor.java:352)
	at com.mckoi.database.jdbcserver.JDBCProcessor.processQuery(JDBCProcessor.java:293)
	at com.mckoi.database.jdbcserver.JDBCProcessor.processJDBCCommand(JDBCProcessor.java:196)
	at com.mckoi.database.jdbcserver.StreamJDBCServerConnection.processRequest(StreamJDBCServerConnection.java:137)
	at com.mckoi.database.jdbcserver.MultiThreadedConnectionPoolServer$ClientThread$1.run(MultiThreadedConnectionPoolServer.java:171)
	at com.mckoi.database.WorkerThread.run(WorkerThread.java:123)
> com.mckoi.database.jdbcserver.JDBCDatabaseInterface ( lvl: 20 )
  Exception thrown during query processing on: [ Query:
[ delete from Users where IDS='AAA' ]

]
[ TIME: Tue Jan 06 23:09:17 ICT 2015 ]
% com.mckoi.database.StatementException: Reference 'IDS' not found.
	at com.mckoi.database.interpret.TableExpressionFromSet.qualifyVariable(TableExpressionFromSet.java:470)
	at com.mckoi.database.interpret.TableExpressionFromSet$1.prepare(TableExpressionFromSet.java:487)
	at com.mckoi.database.Expression.prepare(Expression.java:368)
	at com.mckoi.database.interpret.SearchExpression.prepare(SearchExpression.java:102)
	at com.mckoi.database.interpret.Planner.prepareSearchExpression(Planner.java:96)
	at com.mckoi.database.interpret.Planner.formQueryPlan(Planner.java:452)
	at com.mckoi.database.interpret.Delete.prepare(Delete.java:114)
	at com.mckoi.database.interpret.SQLQueryExecutor.execute(SQLQueryExecutor.java:144)
	at com.mckoi.database.jdbcserver.AbstractJDBCDatabaseInterface.execQuery(AbstractJDBCDatabaseInterface.java:461)
	at com.mckoi.database.jdbcserver.JDBCDatabaseInterface.execQuery(JDBCDatabaseInterface.java:251)
	at com.mckoi.database.jdbcserver.JDBCProcessor.queryCommand(JDBCProcessor.java:352)
	at com.mckoi.database.jdbcserver.JDBCProcessor.processQuery(JDBCProcessor.java:293)
	at com.mckoi.database.jdbcserver.JDBCProcessor.processJDBCCommand(JDBCProcessor.java:196)
	at com.mckoi.database.jdbcserver.StreamJDBCServerConnection.processRequest(StreamJDBCServerConnection.java:137)
	at com.mckoi.database.jdbcserver.MultiThreadedConnectionPoolServer$ClientThread$1.run(MultiThreadedConnectionPoolServer.java:171)
	at com.mckoi.database.WorkerThread.run(WorkerThread.java:123)
> com.mckoi.database.jdbcserver.JDBCDatabaseInterface ( lvl: 20 )
  Exception thrown during query processing on: [ Query:
[ select * from Produk order by NamaS ]

]
[ TIME: Tue Jan 06 23:43:43 ICT 2015 ]
% com.mckoi.database.StatementException: Can not resolve ORDER BY variable: NamaS
	at com.mckoi.database.interpret.Planner.planForOrderBy(Planner.java:732)
	at com.mckoi.database.interpret.Planner.formQueryPlan(Planner.java:670)
	at com.mckoi.database.interpret.Select.prepare(Select.java:123)
	at com.mckoi.database.interpret.SQLQueryExecutor.execute(SQLQueryExecutor.java:144)
	at com.mckoi.database.jdbcserver.AbstractJDBCDatabaseInterface.execQuery(AbstractJDBCDatabaseInterface.java:461)
	at com.mckoi.database.jdbcserver.JDBCDatabaseInterface.execQuery(JDBCDatabaseInterface.java:251)
	at com.mckoi.database.jdbcserver.JDBCProcessor.queryCommand(JDBCProcessor.java:352)
	at com.mckoi.database.jdbcserver.JDBCProcessor.processQuery(JDBCProcessor.java:293)
	at com.mckoi.database.jdbcserver.JDBCProcessor.processJDBCCommand(JDBCProcessor.java:196)
	at com.mckoi.database.jdbcserver.StreamJDBCServerConnection.processRequest(StreamJDBCServerConnection.java:137)
	at com.mckoi.database.jdbcserver.MultiThreadedConnectionPoolServer$ClientThread$1.run(MultiThreadedConnectionPoolServer.java:171)
	at com.mckoi.database.WorkerThread.run(WorkerThread.java:123)
**** Debug log started: Wed Jan 07 11:04:10 ICT 2015 ****
% Storage System: v1 file storage mode.
% Internal Data Cache size:          4194304
% Internal Data Cache max cell size: 8192
% lookup_comparison_list = false
% read_only = false
% transaction_error_on_dirty_select = true
% ignore_case_for_identifiers = false
% Java NIO API is available.
% io_safety_level = 10
% Using stardard IO API for heap buffered file access.
% [Buffer Manager] Using IO API: Java IO
% [Buffer Manager] Page Size: 8192
% [Buffer Manager] Max pages: 256
% Using regex bridge: java.util.regexp
% No 'function_factories' config property found.
% statement_cache = true
% Max worker threads set to: 4
% Starting Database Server
> com.mckoi.database.V1FileStoreSystem ( lvl: 20 )
  File lock file exists: .\data\DefaultDatabase.lock
> com.mckoi.database.jdbcserver.JDBCDatabaseInterface ( lvl: 20 )
  Exception thrown during query processing on: [ Query:
[ select NamaP, Jumlah, Harga from dTransaksi d join Produk p on d.IDP=p.IDP ]

]
[ TIME: Wed Jan 07 16:09:55 ICT 2015 ]
% com.mckoi.database.StatementException: Ambiguous reference 'Harga'
	at com.mckoi.database.interpret.TableExpressionFromSet.resolveTableColumnReference(TableExpressionFromSet.java:336)
	at com.mckoi.database.interpret.TableExpressionFromSet.resolveReference(TableExpressionFromSet.java:378)
	at com.mckoi.database.interpret.Planner.generateFromSet(Planner.java:245)
	at com.mckoi.database.interpret.Select.prepare(Select.java:119)
	at com.mckoi.database.interpret.SQLQueryExecutor.execute(SQLQueryExecutor.java:144)
	at com.mckoi.database.jdbcserver.AbstractJDBCDatabaseInterface.execQuery(AbstractJDBCDatabaseInterface.java:461)
	at com.mckoi.database.jdbcserver.JDBCDatabaseInterface.execQuery(JDBCDatabaseInterface.java:251)
	at com.mckoi.database.jdbcserver.JDBCProcessor.queryCommand(JDBCProcessor.java:352)
	at com.mckoi.database.jdbcserver.JDBCProcessor.processQuery(JDBCProcessor.java:293)
	at com.mckoi.database.jdbcserver.JDBCProcessor.processJDBCCommand(JDBCProcessor.java:196)
	at com.mckoi.database.jdbcserver.StreamJDBCServerConnection.processRequest(StreamJDBCServerConnection.java:137)
	at com.mckoi.database.jdbcserver.MultiThreadedConnectionPoolServer$ClientThread$1.run(MultiThreadedConnectionPoolServer.java:171)
	at com.mckoi.database.WorkerThread.run(WorkerThread.java:123)
**** Debug log started: Wed Jan 07 19:29:04 ICT 2015 ****
% Storage System: v1 file storage mode.
% Internal Data Cache size:          4194304
% Internal Data Cache max cell size: 8192
% lookup_comparison_list = false
% read_only = false
% transaction_error_on_dirty_select = true
% ignore_case_for_identifiers = false
% Java NIO API is available.
% io_safety_level = 10
% Using stardard IO API for heap buffered file access.
% [Buffer Manager] Using IO API: Java IO
% [Buffer Manager] Page Size: 8192
% [Buffer Manager] Max pages: 256
% Using regex bridge: java.util.regexp
% No 'function_factories' config property found.
% statement_cache = true
% Max worker threads set to: 4
% Starting Database Server
> com.mckoi.database.V1FileStoreSystem ( lvl: 20 )
  File lock file exists: .\data\DefaultDatabase.lock
> com.mckoi.database.jdbcserver.JDBCDatabaseInterface ( lvl: 20 )
  Exception thrown during query processing on: [ Query:
[ update StokProduk set Jumlah=Jumlah+2 where IDP='ASM006' ]

]
[ TIME: Wed Jan 07 19:37:19 ICT 2015 ]
% com.mckoi.database.StatementException: Reference not found: Jumlah
	at com.mckoi.database.interpret.UpdateTable.prepare(UpdateTable.java:125)
	at com.mckoi.database.interpret.SQLQueryExecutor.execute(SQLQueryExecutor.java:144)
	at com.mckoi.database.jdbcserver.AbstractJDBCDatabaseInterface.execQuery(AbstractJDBCDatabaseInterface.java:461)
	at com.mckoi.database.jdbcserver.JDBCDatabaseInterface.execQuery(JDBCDatabaseInterface.java:251)
	at com.mckoi.database.jdbcserver.JDBCProcessor.queryCommand(JDBCProcessor.java:352)
	at com.mckoi.database.jdbcserver.JDBCProcessor.processQuery(JDBCProcessor.java:293)
	at com.mckoi.database.jdbcserver.JDBCProcessor.processJDBCCommand(JDBCProcessor.java:196)
	at com.mckoi.database.jdbcserver.StreamJDBCServerConnection.processRequest(StreamJDBCServerConnection.java:137)
	at com.mckoi.database.jdbcserver.MultiThreadedConnectionPoolServer$ClientThread$1.run(MultiThreadedConnectionPoolServer.java:171)
	at com.mckoi.database.WorkerThread.run(WorkerThread.java:123)
> com.mckoi.database.jdbcserver.JDBCDatabaseInterface ( lvl: 20 )
  Exception thrown during query processing on: [ Query:
[ update StokProduk set Jumlah=(Jumlah+2) where IDP='ASM006' ]

]
[ TIME: Wed Jan 07 19:39:41 ICT 2015 ]
% com.mckoi.database.StatementException: Reference not found: Jumlah
	at com.mckoi.database.interpret.UpdateTable.prepare(UpdateTable.java:125)
	at com.mckoi.database.interpret.SQLQueryExecutor.execute(SQLQueryExecutor.java:144)
	at com.mckoi.database.jdbcserver.AbstractJDBCDatabaseInterface.execQuery(AbstractJDBCDatabaseInterface.java:461)
	at com.mckoi.database.jdbcserver.JDBCDatabaseInterface.execQuery(JDBCDatabaseInterface.java:251)
	at com.mckoi.database.jdbcserver.JDBCProcessor.queryCommand(JDBCProcessor.java:352)
	at com.mckoi.database.jdbcserver.JDBCProcessor.processQuery(JDBCProcessor.java:293)
	at com.mckoi.database.jdbcserver.JDBCProcessor.processJDBCCommand(JDBCProcessor.java:196)
	at com.mckoi.database.jdbcserver.StreamJDBCServerConnection.processRequest(StreamJDBCServerConnection.java:137)
	at com.mckoi.database.jdbcserver.MultiThreadedConnectionPoolServer$ClientThread$1.run(MultiThreadedConnectionPoolServer.java:171)
	at com.mckoi.database.WorkerThread.run(WorkerThread.java:123)
> com.mckoi.database.jdbcserver.JDBCDatabaseInterface ( lvl: 20 )
  Exception thrown during query processing on: [ Query:
[ update StokProduk set Jumlah=(Jumlah+2) where IDP='ASM006' ]

]
[ TIME: Wed Jan 07 19:52:28 ICT 2015 ]
% com.mckoi.database.StatementException: Reference not found: Jumlah
	at com.mckoi.database.interpret.UpdateTable.prepare(UpdateTable.java:125)
	at com.mckoi.database.interpret.SQLQueryExecutor.execute(SQLQueryExecutor.java:144)
	at com.mckoi.database.jdbcserver.AbstractJDBCDatabaseInterface.execQuery(AbstractJDBCDatabaseInterface.java:461)
	at com.mckoi.database.jdbcserver.JDBCDatabaseInterface.execQuery(JDBCDatabaseInterface.java:251)
	at com.mckoi.database.jdbcserver.JDBCProcessor.queryCommand(JDBCProcessor.java:352)
	at com.mckoi.database.jdbcserver.JDBCProcessor.processQuery(JDBCProcessor.java:293)
	at com.mckoi.database.jdbcserver.JDBCProcessor.processJDBCCommand(JDBCProcessor.java:196)
	at com.mckoi.database.jdbcserver.StreamJDBCServerConnection.processRequest(StreamJDBCServerConnection.java:137)
	at com.mckoi.database.jdbcserver.MultiThreadedConnectionPoolServer$ClientThread$1.run(MultiThreadedConnectionPoolServer.java:171)
	at com.mckoi.database.WorkerThread.run(WorkerThread.java:123)
> com.mckoi.database.jdbcserver.JDBCDatabaseInterface ( lvl: 20 )
  Exception thrown during query processing on: [ Query:
[ update StokProduk set Jumlah=(Jumlah+2) where IDP='ASM006' ]

]
[ TIME: Wed Jan 07 20:02:30 ICT 2015 ]
% com.mckoi.database.StatementException: Reference not found: Jumlah
	at com.mckoi.database.interpret.UpdateTable.prepare(UpdateTable.java:125)
	at com.mckoi.database.interpret.SQLQueryExecutor.execute(SQLQueryExecutor.java:144)
	at com.mckoi.database.jdbcserver.AbstractJDBCDatabaseInterface.execQuery(AbstractJDBCDatabaseInterface.java:461)
	at com.mckoi.database.jdbcserver.JDBCDatabaseInterface.execQuery(JDBCDatabaseInterface.java:251)
	at com.mckoi.database.jdbcserver.JDBCProcessor.queryCommand(JDBCProcessor.java:352)
	at com.mckoi.database.jdbcserver.JDBCProcessor.processQuery(JDBCProcessor.java:293)
	at com.mckoi.database.jdbcserver.JDBCProcessor.processJDBCCommand(JDBCProcessor.java:196)
	at com.mckoi.database.jdbcserver.StreamJDBCServerConnection.processRequest(StreamJDBCServerConnection.java:137)
	at com.mckoi.database.jdbcserver.MultiThreadedConnectionPoolServer$ClientThread$1.run(MultiThreadedConnectionPoolServer.java:171)
	at com.mckoi.database.WorkerThread.run(WorkerThread.java:123)
[ TIME: Wed Jan 07 22:08:54 ICT 2015 ]
% com.mckoi.database.sql.ParseException: Encountered "<EOF>" at line 0, column 0.
Was expecting one of:
    "drop" ...
    "show" ...
    "alter" ...
    "select" ...
    "update" ...
    "create" ...
    "delete" ...
    "insert" ...
    "commit" ...
    "compact" ...
    "rollback" ...
    "describe" ...
    "shutdown" ...
    "set" ...
    "call" ...
    "grant" ...
    "revoke" ...
    
	at com.mckoi.database.sql.SQL.generateParseException(SQL.java:6070)
	at com.mckoi.database.sql.SQL.jj_consume_token(SQL.java:5939)
	at com.mckoi.database.sql.SQL.Statement(SQL.java:212)
	at com.mckoi.database.interpret.SQLQueryExecutor.execute(SQLQueryExecutor.java:94)
	at com.mckoi.database.jdbcserver.AbstractJDBCDatabaseInterface.execQuery(AbstractJDBCDatabaseInterface.java:461)
	at com.mckoi.database.jdbcserver.JDBCDatabaseInterface.execQuery(JDBCDatabaseInterface.java:251)
	at com.mckoi.database.jdbcserver.JDBCProcessor.queryCommand(JDBCProcessor.java:352)
	at com.mckoi.database.jdbcserver.JDBCProcessor.processQuery(JDBCProcessor.java:293)
	at com.mckoi.database.jdbcserver.JDBCProcessor.processJDBCCommand(JDBCProcessor.java:196)
	at com.mckoi.database.jdbcserver.StreamJDBCServerConnection.processRequest(StreamJDBCServerConnection.java:137)
	at com.mckoi.database.jdbcserver.MultiThreadedConnectionPoolServer$ClientThread$1.run(MultiThreadedConnectionPoolServer.java:171)
	at com.mckoi.database.WorkerThread.run(WorkerThread.java:123)
[ TIME: Wed Jan 07 22:08:55 ICT 2015 ]
% com.mckoi.database.sql.ParseException: Encountered "<EOF>" at line 0, column 0.
Was expecting one of:
    "drop" ...
    "show" ...
    "alter" ...
    "select" ...
    "update" ...
    "create" ...
    "delete" ...
    "insert" ...
    "commit" ...
    "compact" ...
    "rollback" ...
    "describe" ...
    "shutdown" ...
    "set" ...
    "call" ...
    "grant" ...
    "revoke" ...
    
	at com.mckoi.database.sql.SQL.generateParseException(SQL.java:6070)
	at com.mckoi.database.sql.SQL.jj_consume_token(SQL.java:5939)
	at com.mckoi.database.sql.SQL.Statement(SQL.java:212)
	at com.mckoi.database.interpret.SQLQueryExecutor.execute(SQLQueryExecutor.java:94)
	at com.mckoi.database.jdbcserver.AbstractJDBCDatabaseInterface.execQuery(AbstractJDBCDatabaseInterface.java:461)
	at com.mckoi.database.jdbcserver.JDBCDatabaseInterface.execQuery(JDBCDatabaseInterface.java:251)
	at com.mckoi.database.jdbcserver.JDBCProcessor.queryCommand(JDBCProcessor.java:352)
	at com.mckoi.database.jdbcserver.JDBCProcessor.processQuery(JDBCProcessor.java:293)
	at com.mckoi.database.jdbcserver.JDBCProcessor.processJDBCCommand(JDBCProcessor.java:196)
	at com.mckoi.database.jdbcserver.StreamJDBCServerConnection.processRequest(StreamJDBCServerConnection.java:137)
	at com.mckoi.database.jdbcserver.MultiThreadedConnectionPoolServer$ClientThread$1.run(MultiThreadedConnectionPoolServer.java:171)
	at com.mckoi.database.WorkerThread.run(WorkerThread.java:123)
> com.mckoi.database.jdbcserver.JDBCDatabaseInterface ( lvl: 20 )
  Exception thrown during query processing on: [ Query:
[ insert into Produk values('AIN008','AIN','aaa',111,0) ]

]
[ TIME: Wed Jan 07 22:36:26 ICT 2015 ]
% com.mckoi.database.DatabaseException: Number of columns to insert is different from columns selected to insert to.
	at com.mckoi.database.interpret.Insert.prepare(Insert.java:168)
	at com.mckoi.database.interpret.SQLQueryExecutor.execute(SQLQueryExecutor.java:144)
	at com.mckoi.database.jdbcserver.AbstractJDBCDatabaseInterface.execQuery(AbstractJDBCDatabaseInterface.java:461)
	at com.mckoi.database.jdbcserver.JDBCDatabaseInterface.execQuery(JDBCDatabaseInterface.java:251)
	at com.mckoi.database.jdbcserver.JDBCProcessor.queryCommand(JDBCProcessor.java:352)
	at com.mckoi.database.jdbcserver.JDBCProcessor.processQuery(JDBCProcessor.java:293)
	at com.mckoi.database.jdbcserver.JDBCProcessor.processJDBCCommand(JDBCProcessor.java:196)
	at com.mckoi.database.jdbcserver.StreamJDBCServerConnection.processRequest(StreamJDBCServerConnection.java:137)
	at com.mckoi.database.jdbcserver.MultiThreadedConnectionPoolServer$ClientThread$1.run(MultiThreadedConnectionPoolServer.java:171)
	at com.mckoi.database.WorkerThread.run(WorkerThread.java:123)
**** Debug log started: Thu Jan 08 23:25:49 ICT 2015 ****
% Storage System: v1 file storage mode.
% Internal Data Cache size:          4194304
% Internal Data Cache max cell size: 8192
% lookup_comparison_list = false
% read_only = false
% transaction_error_on_dirty_select = true
% ignore_case_for_identifiers = false
% Java NIO API is available.
% io_safety_level = 10
% Using stardard IO API for heap buffered file access.
% [Buffer Manager] Using IO API: Java IO
% [Buffer Manager] Page Size: 8192
% [Buffer Manager] Max pages: 256
% Using regex bridge: java.util.regexp
% No 'function_factories' config property found.
% statement_cache = true
% Max worker threads set to: 4
% Starting Database Server
> com.mckoi.database.V1FileStoreSystem ( lvl: 20 )
  File lock file exists: .\data\DefaultDatabase.lock
**** Debug log started: Fri Jan 09 10:37:49 ICT 2015 ****
% Storage System: v1 file storage mode.
% Internal Data Cache size:          4194304
% Internal Data Cache max cell size: 8192
% lookup_comparison_list = false
% read_only = false
% transaction_error_on_dirty_select = true
% ignore_case_for_identifiers = false
% Java NIO API is available.
% io_safety_level = 10
% Using stardard IO API for heap buffered file access.
% [Buffer Manager] Using IO API: Java IO
% [Buffer Manager] Page Size: 8192
% [Buffer Manager] Max pages: 256
% Using regex bridge: java.util.regexp
% No 'function_factories' config property found.
% statement_cache = true
% Max worker threads set to: 4
% Starting Database Server
> com.mckoi.database.V1FileStoreSystem ( lvl: 20 )
  File lock file exists: .\data\DefaultDatabase.lock
**** Debug log started: Fri Jan 09 12:54:08 ICT 2015 ****
% Storage System: v1 file storage mode.
% Internal Data Cache size:          4194304
% Internal Data Cache max cell size: 8192
% lookup_comparison_list = false
% read_only = false
% transaction_error_on_dirty_select = true
% ignore_case_for_identifiers = false
% Java NIO API is available.
% io_safety_level = 10
% Using stardard IO API for heap buffered file access.
% [Buffer Manager] Using IO API: Java IO
% [Buffer Manager] Page Size: 8192
% [Buffer Manager] Max pages: 256
% Using regex bridge: java.util.regexp
% No 'function_factories' config property found.
% statement_cache = true
% Max worker threads set to: 4
% Starting Database Server
> com.mckoi.database.V1FileStoreSystem ( lvl: 20 )
  File lock file exists: .\data\DefaultDatabase.lock
